2022-10-02 00:00:53,239 INFO org.apache.juli.logging.DirectJDKLog [http-nio-8080-exec-1] Initializing Spring DispatcherServlet 'dispatcherServlet'
2022-10-02 00:00:53,260 INFO org.springframework.web.servlet.FrameworkServlet [http-nio-8080-exec-1] Initializing Servlet 'dispatcherServlet'
2022-10-02 00:00:53,264 INFO org.springframework.web.servlet.FrameworkServlet [http-nio-8080-exec-1] Completed initialization in 2 ms
2022-10-02 00:00:54,124 WARN org.apache.juli.logging.DirectJDKLog [http-nio-8080-exec-2] Creation of SecureRandom instance for session ID generation using [SHA1PRNG] took [639] milliseconds.
2022-10-02 00:00:57,285 INFO com.popov.Statistic [http-nio-8080-exec-2] Получение статистики.
2022-10-02 00:01:06,227 INFO com.popov.service.impl.IndexingServiceImpl [http-nio-8080-exec-1] Попытка запуска индексации всех сайтов
2022-10-02 00:01:06,232 INFO com.popov.service.impl.IndexingServiceImpl [http-nio-8080-exec-1] Индексация всех сайтов запущена
2022-10-02 00:01:44,890 WARN org.hibernate.engine.jdbc.spi.SqlExceptionHelper [pool-1-thread-2] SQL Error: 1366, SQLState: HY000
2022-10-02 00:01:44,892 ERROR org.hibernate.engine.jdbc.spi.SqlExceptionHelper [pool-1-thread-2] Incorrect string value: '\xF0\x9F\xA4\xA6\xE2\x80...' for column 'content' at row 1
2022-10-02 00:03:04,950 INFO org.springframework.orm.jpa.AbstractEntityManagerFactoryBean [SpringApplicationShutdownHook] Closing JPA EntityManagerFactory for persistence unit 'default'
2022-10-02 00:03:04,979 INFO com.zaxxer.hikari.HikariDataSource [SpringApplicationShutdownHook] HikariPool-1 - Shutdown initiated...
2022-10-02 00:03:05,045 INFO com.zaxxer.hikari.HikariDataSource [SpringApplicationShutdownHook] HikariPool-1 - Shutdown completed.
2022-10-02 00:03:34,498 INFO org.springframework.boot.StartupInfoLogger [restartedMain] Starting SearchEngine using Java 11.0.10 on DESKTOP-R95TVH1 with PID 8416 (C:\Users\User\IdeaProjects\SkilBox_diplom\search_engine\target\classes started by User in C:\Users\User\IdeaProjects\SkilBox_diplom\search_engine)
2022-10-02 00:03:34,503 INFO org.springframework.boot.SpringApplication [restartedMain] No active profile set, falling back to default profiles: default
2022-10-02 00:03:34,746 INFO org.springframework.boot.logging.DeferredLog [restartedMain] Devtools property defaults active! Set 'spring.devtools.add-properties' to 'false' to disable
2022-10-02 00:03:34,747 INFO org.springframework.boot.logging.DeferredLog [restartedMain] For additional web related logging consider setting the 'logging.level.web' property to 'DEBUG'
2022-10-02 00:03:38,755 INFO org.springframework.data.repository.config.RepositoryConfigurationDelegate [restartedMain] Bootstrapping Spring Data JPA repositories in DEFAULT mode.
2022-10-02 00:03:39,215 INFO org.springframework.data.repository.config.RepositoryConfigurationDelegate [restartedMain] Finished Spring Data repository scanning in 422 ms. Found 5 JPA repository interfaces.
2022-10-02 00:03:44,371 INFO org.springframework.boot.web.embedded.tomcat.TomcatWebServer [restartedMain] Tomcat initialized with port(s): 8080 (http)
2022-10-02 00:03:44,470 INFO org.apache.juli.logging.DirectJDKLog [restartedMain] Initializing ProtocolHandler ["http-nio-8080"]
2022-10-02 00:03:44,473 INFO org.apache.juli.logging.DirectJDKLog [restartedMain] Starting service [Tomcat]
2022-10-02 00:03:44,476 INFO org.apache.juli.logging.DirectJDKLog [restartedMain] Starting Servlet engine: [Apache Tomcat/9.0.54]
2022-10-02 00:03:45,073 INFO org.apache.juli.logging.DirectJDKLog [restartedMain] Initializing Spring embedded WebApplicationContext
2022-10-02 00:03:45,074 INFO org.springframework.boot.web.servlet.context.ServletWebServerApplicationContext [restartedMain] Root WebApplicationContext: initialization completed in 10323 ms
2022-10-02 00:03:46,321 INFO org.hibernate.jpa.internal.util.LogHelper [restartedMain] HHH000204: Processing PersistenceUnitInfo [name: default]
2022-10-02 00:03:47,022 INFO org.hibernate.Version [restartedMain] HHH000412: Hibernate ORM core version 5.4.32.Final
2022-10-02 00:03:49,024 INFO org.hibernate.annotations.common.reflection.java.JavaReflectionManager [restartedMain] HCANN000001: Hibernate Commons Annotations {5.1.2.Final}
2022-10-02 00:03:49,605 INFO com.zaxxer.hikari.HikariDataSource [restartedMain] HikariPool-1 - Starting...
2022-10-02 00:03:53,074 INFO com.zaxxer.hikari.HikariDataSource [restartedMain] HikariPool-1 - Start completed.
2022-10-02 00:03:53,311 INFO org.hibernate.dialect.Dialect [restartedMain] HHH000400: Using dialect: org.hibernate.dialect.MySQL8Dialect
2022-10-02 00:03:59,259 INFO org.hibernate.engine.transaction.jta.platform.internal.JtaPlatformInitiator [restartedMain] HHH000490: Using JtaPlatform implementation: [org.hibernate.engine.transaction.jta.platform.internal.NoJtaPlatform]
2022-10-02 00:03:59,310 INFO org.springframework.orm.jpa.AbstractEntityManagerFactoryBean [restartedMain] Initialized JPA EntityManagerFactory for persistence unit 'default'
2022-10-02 00:04:01,782 WARN org.springframework.boot.autoconfigure.orm.jpa.JpaBaseConfiguration$JpaWebConfiguration [restartedMain] spring.jpa.open-in-view is enabled by default. Therefore, database queries may be performed during view rendering. Explicitly configure spring.jpa.open-in-view to disable this warning
2022-10-02 00:04:02,923 INFO org.springframework.security.web.DefaultSecurityFilterChain [restartedMain] Will secure any request with [org.springframework.security.web.context.request.async.WebAsyncManagerIntegrationFilter@dbd4831, org.springframework.security.web.context.SecurityContextPersistenceFilter@7f01d8d5, org.springframework.security.web.header.HeaderWriterFilter@639c8173, org.springframework.security.web.authentication.logout.LogoutFilter@e478238, org.springframework.security.web.authentication.www.BasicAuthenticationFilter@5514beda, org.springframework.security.web.savedrequest.RequestCacheAwareFilter@1184d739, org.springframework.security.web.servletapi.SecurityContextHolderAwareRequestFilter@7a81bb8f, org.springframework.security.web.authentication.AnonymousAuthenticationFilter@5c4edae2, org.springframework.security.web.session.SessionManagementFilter@7beaad1e, org.springframework.security.web.access.ExceptionTranslationFilter@a7a3940, org.springframework.security.web.access.intercept.FilterSecurityInterceptor@137c692]
2022-10-02 00:04:03,777 INFO org.springframework.boot.autoconfigure.web.servlet.WelcomePageHandlerMapping [restartedMain] Adding welcome page template: index
2022-10-02 00:04:04,588 INFO org.springframework.boot.devtools.autoconfigure.OptionalLiveReloadServer [restartedMain] LiveReload server is running on port 35729
2022-10-02 00:04:04,641 INFO org.apache.juli.logging.DirectJDKLog [restartedMain] Starting ProtocolHandler ["http-nio-8080"]
2022-10-02 00:04:04,717 INFO org.springframework.boot.web.embedded.tomcat.TomcatWebServer [restartedMain] Tomcat started on port(s): 8080 (http) with context path ''
2022-10-02 00:04:04,752 INFO org.springframework.boot.StartupInfoLogger [restartedMain] Started SearchEngine in 33.651 seconds (JVM running for 38.268)
2022-10-02 00:04:39,994 INFO org.apache.juli.logging.DirectJDKLog [http-nio-8080-exec-1] Initializing Spring DispatcherServlet 'dispatcherServlet'
2022-10-02 00:04:39,997 INFO org.springframework.web.servlet.FrameworkServlet [http-nio-8080-exec-1] Initializing Servlet 'dispatcherServlet'
2022-10-02 00:04:40,002 INFO org.springframework.web.servlet.FrameworkServlet [http-nio-8080-exec-1] Completed initialization in 5 ms
2022-10-02 00:04:40,182 INFO com.popov.service.impl.IndexingServiceImpl [http-nio-8080-exec-1] Попытка остановки индексации
2022-10-02 00:04:40,186 WARN com.popov.service.impl.IndexingServiceImpl [http-nio-8080-exec-1] Остановка индексации не может быть выполнена, потому что процесс индексации не запущен.
2022-10-02 00:04:44,528 INFO com.popov.Statistic [http-nio-8080-exec-4] Получение статистики.
2022-10-02 00:04:50,655 INFO com.popov.service.impl.IndexingServiceImpl [http-nio-8080-exec-3] Попытка запуска индексации всех сайтов
2022-10-02 00:04:50,660 INFO com.popov.service.impl.IndexingServiceImpl [http-nio-8080-exec-3] Индексация всех сайтов запущена
2022-10-02 00:05:16,860 WARN org.hibernate.engine.jdbc.spi.SqlExceptionHelper [pool-1-thread-2] SQL Error: 1366, SQLState: HY000
2022-10-02 00:05:16,862 ERROR org.hibernate.engine.jdbc.spi.SqlExceptionHelper [pool-1-thread-2] Incorrect string value: '\xF0\x9F\xA4\xA6\xE2\x80...' for column 'content' at row 1
2022-10-02 00:11:20,164 INFO org.springframework.orm.jpa.AbstractEntityManagerFactoryBean [SpringApplicationShutdownHook] Closing JPA EntityManagerFactory for persistence unit 'default'
2022-10-02 00:11:20,228 INFO com.zaxxer.hikari.HikariDataSource [SpringApplicationShutdownHook] HikariPool-1 - Shutdown initiated...
2022-10-02 00:11:20,282 INFO com.zaxxer.hikari.HikariDataSource [SpringApplicationShutdownHook] HikariPool-1 - Shutdown completed.
2022-10-02 00:12:54,186 INFO org.springframework.boot.StartupInfoLogger [restartedMain] Starting SearchEngine using Java 11.0.10 on DESKTOP-R95TVH1 with PID 2080 (C:\Users\User\IdeaProjects\SkilBox_diplom\search_engine\target\classes started by User in C:\Users\User\IdeaProjects\SkilBox_diplom\search_engine)
2022-10-02 00:12:54,193 INFO org.springframework.boot.SpringApplication [restartedMain] No active profile set, falling back to default profiles: default
2022-10-02 00:12:54,516 INFO org.springframework.boot.logging.DeferredLog [restartedMain] Devtools property defaults active! Set 'spring.devtools.add-properties' to 'false' to disable
2022-10-02 00:12:54,520 INFO org.springframework.boot.logging.DeferredLog [restartedMain] For additional web related logging consider setting the 'logging.level.web' property to 'DEBUG'
2022-10-02 00:12:57,581 INFO org.springframework.data.repository.config.RepositoryConfigurationDelegate [restartedMain] Bootstrapping Spring Data JPA repositories in DEFAULT mode.
2022-10-02 00:12:57,890 INFO org.springframework.data.repository.config.RepositoryConfigurationDelegate [restartedMain] Finished Spring Data repository scanning in 271 ms. Found 5 JPA repository interfaces.
2022-10-02 00:13:01,693 INFO org.springframework.boot.web.embedded.tomcat.TomcatWebServer [restartedMain] Tomcat initialized with port(s): 8080 (http)
2022-10-02 00:13:01,747 INFO org.apache.juli.logging.DirectJDKLog [restartedMain] Initializing ProtocolHandler ["http-nio-8080"]
2022-10-02 00:13:01,749 INFO org.apache.juli.logging.DirectJDKLog [restartedMain] Starting service [Tomcat]
2022-10-02 00:13:01,751 INFO org.apache.juli.logging.DirectJDKLog [restartedMain] Starting Servlet engine: [Apache Tomcat/9.0.54]
2022-10-02 00:13:02,177 INFO org.apache.juli.logging.DirectJDKLog [restartedMain] Initializing Spring embedded WebApplicationContext
2022-10-02 00:13:02,178 INFO org.springframework.boot.web.servlet.context.ServletWebServerApplicationContext [restartedMain] Root WebApplicationContext: initialization completed in 7642 ms
2022-10-02 00:13:03,240 INFO org.hibernate.jpa.internal.util.LogHelper [restartedMain] HHH000204: Processing PersistenceUnitInfo [name: default]
2022-10-02 00:13:03,468 INFO org.hibernate.Version [restartedMain] HHH000412: Hibernate ORM core version 5.4.32.Final
2022-10-02 00:13:03,987 INFO org.hibernate.annotations.common.reflection.java.JavaReflectionManager [restartedMain] HCANN000001: Hibernate Commons Annotations {5.1.2.Final}
2022-10-02 00:13:04,376 INFO com.zaxxer.hikari.HikariDataSource [restartedMain] HikariPool-1 - Starting...
2022-10-02 00:13:06,379 INFO com.zaxxer.hikari.HikariDataSource [restartedMain] HikariPool-1 - Start completed.
2022-10-02 00:13:06,481 INFO org.hibernate.dialect.Dialect [restartedMain] HHH000400: Using dialect: org.hibernate.dialect.MySQL8Dialect
2022-10-02 00:13:11,741 INFO org.hibernate.engine.transaction.jta.platform.internal.JtaPlatformInitiator [restartedMain] HHH000490: Using JtaPlatform implementation: [org.hibernate.engine.transaction.jta.platform.internal.NoJtaPlatform]
2022-10-02 00:13:11,793 INFO org.springframework.orm.jpa.AbstractEntityManagerFactoryBean [restartedMain] Initialized JPA EntityManagerFactory for persistence unit 'default'
2022-10-02 00:13:15,429 WARN org.springframework.boot.autoconfigure.orm.jpa.JpaBaseConfiguration$JpaWebConfiguration [restartedMain] spring.jpa.open-in-view is enabled by default. Therefore, database queries may be performed during view rendering. Explicitly configure spring.jpa.open-in-view to disable this warning
2022-10-02 00:13:16,680 INFO org.springframework.security.web.DefaultSecurityFilterChain [restartedMain] Will secure any request with [org.springframework.security.web.context.request.async.WebAsyncManagerIntegrationFilter@7dbef3cc, org.springframework.security.web.context.SecurityContextPersistenceFilter@37e68231, org.springframework.security.web.header.HeaderWriterFilter@1c9c335a, org.springframework.security.web.authentication.logout.LogoutFilter@3ac3af4d, org.springframework.security.web.authentication.www.BasicAuthenticationFilter@2c88d03f, org.springframework.security.web.savedrequest.RequestCacheAwareFilter@31105938, org.springframework.security.web.servletapi.SecurityContextHolderAwareRequestFilter@cb5f477, org.springframework.security.web.authentication.AnonymousAuthenticationFilter@75a04776, org.springframework.security.web.session.SessionManagementFilter@4b0c7279, org.springframework.security.web.access.ExceptionTranslationFilter@476ad247, org.springframework.security.web.access.intercept.FilterSecurityInterceptor@bd77f7b]
2022-10-02 00:13:17,759 INFO org.springframework.boot.autoconfigure.web.servlet.WelcomePageHandlerMapping [restartedMain] Adding welcome page template: index
2022-10-02 00:13:18,567 INFO org.springframework.boot.devtools.autoconfigure.OptionalLiveReloadServer [restartedMain] LiveReload server is running on port 35729
2022-10-02 00:13:18,625 INFO org.apache.juli.logging.DirectJDKLog [restartedMain] Starting ProtocolHandler ["http-nio-8080"]
2022-10-02 00:13:18,702 INFO org.springframework.boot.web.embedded.tomcat.TomcatWebServer [restartedMain] Tomcat started on port(s): 8080 (http) with context path ''
2022-10-02 00:13:18,737 INFO org.springframework.boot.StartupInfoLogger [restartedMain] Started SearchEngine in 28.386 seconds (JVM running for 98.022)
2022-10-02 00:13:38,256 INFO org.apache.juli.logging.DirectJDKLog [http-nio-8080-exec-2] Initializing Spring DispatcherServlet 'dispatcherServlet'
2022-10-02 00:13:38,260 INFO org.springframework.web.servlet.FrameworkServlet [http-nio-8080-exec-2] Initializing Servlet 'dispatcherServlet'
2022-10-02 00:13:38,266 INFO org.springframework.web.servlet.FrameworkServlet [http-nio-8080-exec-2] Completed initialization in 4 ms
2022-10-02 00:13:40,710 INFO com.popov.Statistic [http-nio-8080-exec-2] Получение статистики.
2022-10-02 00:13:44,942 INFO com.popov.service.impl.IndexingServiceImpl [http-nio-8080-exec-6] Попытка запуска индексации всех сайтов
2022-10-02 00:13:44,945 INFO com.popov.service.impl.IndexingServiceImpl [http-nio-8080-exec-6] Индексация всех сайтов запущена
2022-10-02 00:17:08,367 WARN com.popov.sitemap.ParseUrl [ForkJoinPool-2-worker-1] Ошибка парсинга сайта: https://lenta.ru/extlink/2022/09/30/perk_gorka/
2022-10-02 00:18:53,964 WARN org.hibernate.engine.jdbc.spi.SqlExceptionHelper [pool-1-thread-2] SQL Error: 1366, SQLState: HY000
2022-10-02 00:18:53,966 ERROR org.hibernate.engine.jdbc.spi.SqlExceptionHelper [pool-1-thread-2] Incorrect string value: '\xF0\x9F\x98\x83',...' for column 'content' at row 1
2022-10-02 00:23:23,829 INFO com.popov.service.impl.IndexingServiceImpl [http-nio-8080-exec-1] Попытка остановки индексации
2022-10-02 00:23:23,835 WARN com.popov.service.impl.IndexingServiceImpl [http-nio-8080-exec-1] Остановка индексации не может быть выполнена, потому что процесс индексации не запущен.
2022-10-02 00:23:52,169 INFO com.popov.service.impl.IndexingServiceImpl [http-nio-8080-exec-9] Попытка остановки индексации
2022-10-02 00:23:52,172 WARN com.popov.service.impl.IndexingServiceImpl [http-nio-8080-exec-9] Остановка индексации не может быть выполнена, потому что процесс индексации не запущен.
2022-10-02 00:23:52,270 INFO com.popov.service.impl.IndexingServiceImpl [http-nio-8080-exec-2] Попытка остановки индексации
2022-10-02 00:23:52,271 WARN com.popov.service.impl.IndexingServiceImpl [http-nio-8080-exec-2] Остановка индексации не может быть выполнена, потому что процесс индексации не запущен.
2022-10-02 00:23:52,516 INFO com.popov.service.impl.IndexingServiceImpl [http-nio-8080-exec-6] Попытка остановки индексации
2022-10-02 00:23:52,517 WARN com.popov.service.impl.IndexingServiceImpl [http-nio-8080-exec-6] Остановка индексации не может быть выполнена, потому что процесс индексации не запущен.
2022-10-02 00:26:27,842 ERROR com.popov.Index [http-nio-8080-exec-8] Ошибка закрытия потоков: java.lang.InterruptedException
2022-10-02 00:26:27,844 INFO com.popov.service.impl.IndexingServiceImpl [http-nio-8080-exec-8] Попытка остановки индексации
2022-10-02 00:26:27,846 WARN com.popov.service.impl.IndexingServiceImpl [http-nio-8080-exec-8] Остановка индексации не может быть выполнена, потому что процесс индексации не запущен.
2022-10-02 00:26:27,961 INFO org.springframework.orm.jpa.AbstractEntityManagerFactoryBean [SpringApplicationShutdownHook] Closing JPA EntityManagerFactory for persistence unit 'default'
2022-10-02 00:26:27,973 INFO com.zaxxer.hikari.HikariDataSource [SpringApplicationShutdownHook] HikariPool-1 - Shutdown initiated...
2022-10-02 00:26:28,009 INFO com.zaxxer.hikari.HikariDataSource [SpringApplicationShutdownHook] HikariPool-1 - Shutdown completed.
2022-10-02 00:26:28,011 WARN com.zaxxer.hikari.pool.ProxyConnection [pool-1-thread-1] HikariPool-1 - Connection com.mysql.cj.jdbc.ConnectionImpl@59ba2113 marked as broken because of SQLSTATE(08S01), ErrorCode(0)
com.mysql.cj.jdbc.exceptions.CommunicationsException: Communications link failure

The last packet successfully received from the server was 27 milliseconds ago. The last packet sent successfully to the server was 27 milliseconds ago.
	at com.mysql.cj.jdbc.exceptions.SQLError.createCommunicationsException(SQLError.java:174)
	at com.mysql.cj.jdbc.exceptions.SQLExceptionsMapping.translateException(SQLExceptionsMapping.java:64)
	at com.mysql.cj.jdbc.ConnectionImpl.commit(ConnectionImpl.java:806)
	at com.zaxxer.hikari.pool.ProxyConnection.commit(ProxyConnection.java:387)
	at com.zaxxer.hikari.pool.HikariProxyConnection.commit(HikariProxyConnection.java)
	at org.hibernate.resource.jdbc.internal.AbstractLogicalConnectionImplementor.commit(AbstractLogicalConnectionImplementor.java:86)
	at org.hibernate.resource.transaction.backend.jdbc.internal.JdbcResourceLocalTransactionCoordinatorImpl$TransactionDriverControlImpl.commit(JdbcResourceLocalTransactionCoordinatorImpl.java:282)
	at org.hibernate.engine.transaction.internal.TransactionImpl.commit(TransactionImpl.java:101)
	at org.springframework.orm.jpa.JpaTransactionManager.doCommit(JpaTransactionManager.java:562)
	at org.springframework.transaction.support.AbstractPlatformTransactionManager.processCommit(AbstractPlatformTransactionManager.java:743)
	at org.springframework.transaction.support.AbstractPlatformTransactionManager.commit(AbstractPlatformTransactionManager.java:711)
	at org.springframework.transaction.interceptor.TransactionAspectSupport.commitTransactionAfterReturning(TransactionAspectSupport.java:654)
	at org.springframework.transaction.interceptor.TransactionAspectSupport.invokeWithinTransaction(TransactionAspectSupport.java:407)
	at org.springframework.transaction.interceptor.TransactionInterceptor.invoke(TransactionInterceptor.java:119)
	at org.springframework.aop.framework.ReflectiveMethodInvocation.proceed(ReflectiveMethodInvocation.java:186)
	at org.springframework.dao.support.PersistenceExceptionTranslationInterceptor.invoke(PersistenceExceptionTranslationInterceptor.java:137)
	at org.springframework.aop.framework.ReflectiveMethodInvocation.proceed(ReflectiveMethodInvocation.java:186)
	at org.springframework.data.jpa.repository.support.CrudMethodMetadataPostProcessor$CrudMethodMetadataPopulatingMethodInterceptor.invoke(CrudMethodMetadataPostProcessor.java:174)
	at org.springframework.aop.framework.ReflectiveMethodInvocation.proceed(ReflectiveMethodInvocation.java:186)
	at org.springframework.aop.interceptor.ExposeInvocationInterceptor.invoke(ExposeInvocationInterceptor.java:97)
	at org.springframework.aop.framework.ReflectiveMethodInvocation.proceed(ReflectiveMethodInvocation.java:186)
	at org.springframework.aop.framework.JdkDynamicAopProxy.invoke(JdkDynamicAopProxy.java:215)
	at com.sun.proxy.$Proxy91.save(Unknown Source)
	at com.popov.service.impl.IndexRepoServiceImpl.save(IndexRepoServiceImpl.java:48)
	at com.popov.SiteIndexing.indexingToDb(SiteIndexing.java:203)
	at com.popov.SiteIndexing.runOneSiteIndexing(SiteIndexing.java:98)
	at com.popov.SiteIndexing.runAllIndexing(SiteIndexing.java:69)
	at com.popov.SiteIndexing.run(SiteIndexing.java:51)
	at java.base/java.util.concurrent.ThreadPoolExecutor.runWorker(ThreadPoolExecutor.java:1128)
	at java.base/java.util.concurrent.ThreadPoolExecutor$Worker.run(ThreadPoolExecutor.java:628)
	at java.base/java.lang.Thread.run(Thread.java:834)
Caused by: com.mysql.cj.exceptions.CJCommunicationsException: Communications link failure

The last packet successfully received from the server was 27 milliseconds ago. The last packet sent successfully to the server was 27 milliseconds ago.
	at java.base/jdk.internal.reflect.NativeConstructorAccessorImpl.newInstance0(Native Method)
	at java.base/jdk.internal.reflect.NativeConstructorAccessorImpl.newInstance(NativeConstructorAccessorImpl.java:62)
	at java.base/jdk.internal.reflect.DelegatingConstructorAccessorImpl.newInstance(DelegatingConstructorAccessorImpl.java:45)
	at java.base/java.lang.reflect.Constructor.newInstance(Constructor.java:490)
	at com.mysql.cj.exceptions.ExceptionFactory.createException(ExceptionFactory.java:61)
	at com.mysql.cj.exceptions.ExceptionFactory.createException(ExceptionFactory.java:105)
	at com.mysql.cj.exceptions.ExceptionFactory.createException(ExceptionFactory.java:151)
	at com.mysql.cj.exceptions.ExceptionFactory.createCommunicationsException(ExceptionFactory.java:167)
	at com.mysql.cj.protocol.a.NativeProtocol.readMessage(NativeProtocol.java:520)
	at com.mysql.cj.protocol.a.NativeProtocol.checkErrorMessage(NativeProtocol.java:700)
	at com.mysql.cj.protocol.a.NativeProtocol.sendCommand(NativeProtocol.java:639)
	at com.mysql.cj.protocol.a.NativeProtocol.sendQueryPacket(NativeProtocol.java:987)
	at com.mysql.cj.protocol.a.NativeProtocol.sendQueryString(NativeProtocol.java:933)
	at com.mysql.cj.NativeSession.execSQL(NativeSession.java:664)
	at com.mysql.cj.jdbc.ConnectionImpl.commit(ConnectionImpl.java:794)
	... 28 common frames omitted
Caused by: javax.net.ssl.SSLException: Socket closed
	at java.base/sun.security.ssl.Alert.createSSLException(Alert.java:127)
	at java.base/sun.security.ssl.TransportContext.fatal(TransportContext.java:352)
	at java.base/sun.security.ssl.TransportContext.fatal(TransportContext.java:295)
	at java.base/sun.security.ssl.TransportContext.fatal(TransportContext.java:290)
	at java.base/sun.security.ssl.SSLSocketImpl.handleException(SSLSocketImpl.java:1521)
	at java.base/sun.security.ssl.SSLSocketImpl$AppInputStream.read(SSLSocketImpl.java:965)
	at java.base/java.io.FilterInputStream.read(FilterInputStream.java:133)
	at com.mysql.cj.protocol.FullReadInputStream.readFully(FullReadInputStream.java:64)
	at com.mysql.cj.protocol.a.SimplePacketReader.readHeaderLocal(SimplePacketReader.java:81)
	at com.mysql.cj.protocol.a.SimplePacketReader.readHeader(SimplePacketReader.java:63)
	at com.mysql.cj.protocol.a.SimplePacketReader.readHeader(SimplePacketReader.java:45)
	at com.mysql.cj.protocol.a.TimeTrackingPacketReader.readHeader(TimeTrackingPacketReader.java:52)
	at com.mysql.cj.protocol.a.TimeTrackingPacketReader.readHeader(TimeTrackingPacketReader.java:41)
	at com.mysql.cj.protocol.a.MultiPacketReader.readHeader(MultiPacketReader.java:54)
	at com.mysql.cj.protocol.a.MultiPacketReader.readHeader(MultiPacketReader.java:44)
	at com.mysql.cj.protocol.a.NativeProtocol.readMessage(NativeProtocol.java:514)
	... 34 common frames omitted
Caused by: java.net.SocketException: Socket closed
	at java.base/java.net.SocketInputStream.socketRead0(Native Method)
	at java.base/java.net.SocketInputStream.socketRead(SocketInputStream.java:115)
	at java.base/java.net.SocketInputStream.read(SocketInputStream.java:168)
	at java.base/java.net.SocketInputStream.read(SocketInputStream.java:140)
	at java.base/sun.security.ssl.SSLSocketInputRecord.read(SSLSocketInputRecord.java:478)
	at java.base/sun.security.ssl.SSLSocketInputRecord.readHeader(SSLSocketInputRecord.java:472)
	at java.base/sun.security.ssl.SSLSocketInputRecord.bytesInCompletePacket(SSLSocketInputRecord.java:70)
	at java.base/sun.security.ssl.SSLSocketImpl.readApplicationRecord(SSLSocketImpl.java:1308)
	at java.base/sun.security.ssl.SSLSocketImpl$AppInputStream.read(SSLSocketImpl.java:949)
	... 44 common frames omitted
2022-10-02 00:26:39,662 INFO org.springframework.boot.StartupInfoLogger [restartedMain] Starting SearchEngine using Java 11.0.10 on DESKTOP-R95TVH1 with PID 11284 (C:\Users\User\IdeaProjects\SkilBox_diplom\search_engine\target\classes started by User in C:\Users\User\IdeaProjects\SkilBox_diplom\search_engine)
2022-10-02 00:26:39,668 INFO org.springframework.boot.SpringApplication [restartedMain] No active profile set, falling back to default profiles: default
2022-10-02 00:26:39,990 INFO org.springframework.boot.logging.DeferredLog [restartedMain] Devtools property defaults active! Set 'spring.devtools.add-properties' to 'false' to disable
2022-10-02 00:26:39,991 INFO org.springframework.boot.logging.DeferredLog [restartedMain] For additional web related logging consider setting the 'logging.level.web' property to 'DEBUG'
2022-10-02 00:26:43,892 INFO org.springframework.data.repository.config.RepositoryConfigurationDelegate [restartedMain] Bootstrapping Spring Data JPA repositories in DEFAULT mode.
2022-10-02 00:26:44,258 INFO org.springframework.data.repository.config.RepositoryConfigurationDelegate [restartedMain] Finished Spring Data repository scanning in 321 ms. Found 5 JPA repository interfaces.
2022-10-02 00:26:48,188 INFO org.springframework.boot.web.embedded.tomcat.TomcatWebServer [restartedMain] Tomcat initialized with port(s): 8080 (http)
2022-10-02 00:26:48,238 INFO org.apache.juli.logging.DirectJDKLog [restartedMain] Initializing ProtocolHandler ["http-nio-8080"]
2022-10-02 00:26:48,240 INFO org.apache.juli.logging.DirectJDKLog [restartedMain] Starting service [Tomcat]
2022-10-02 00:26:48,243 INFO org.apache.juli.logging.DirectJDKLog [restartedMain] Starting Servlet engine: [Apache Tomcat/9.0.54]
2022-10-02 00:26:48,677 INFO org.apache.juli.logging.DirectJDKLog [restartedMain] Initializing Spring embedded WebApplicationContext
2022-10-02 00:26:48,679 INFO org.springframework.boot.web.servlet.context.ServletWebServerApplicationContext [restartedMain] Root WebApplicationContext: initialization completed in 8684 ms
2022-10-02 00:26:49,631 INFO org.hibernate.jpa.internal.util.LogHelper [restartedMain] HHH000204: Processing PersistenceUnitInfo [name: default]
2022-10-02 00:26:49,786 INFO org.hibernate.Version [restartedMain] HHH000412: Hibernate ORM core version 5.4.32.Final
2022-10-02 00:26:50,234 INFO org.hibernate.annotations.common.reflection.java.JavaReflectionManager [restartedMain] HCANN000001: Hibernate Commons Annotations {5.1.2.Final}
2022-10-02 00:26:50,668 INFO com.zaxxer.hikari.HikariDataSource [restartedMain] HikariPool-1 - Starting...
2022-10-02 00:26:51,825 INFO com.zaxxer.hikari.HikariDataSource [restartedMain] HikariPool-1 - Start completed.
2022-10-02 00:26:51,999 INFO org.hibernate.dialect.Dialect [restartedMain] HHH000400: Using dialect: org.hibernate.dialect.MySQL8Dialect
2022-10-02 00:26:57,002 INFO org.hibernate.engine.transaction.jta.platform.internal.JtaPlatformInitiator [restartedMain] HHH000490: Using JtaPlatform implementation: [org.hibernate.engine.transaction.jta.platform.internal.NoJtaPlatform]
2022-10-02 00:26:57,042 INFO org.springframework.orm.jpa.AbstractEntityManagerFactoryBean [restartedMain] Initialized JPA EntityManagerFactory for persistence unit 'default'
2022-10-02 00:26:59,491 WARN org.springframework.boot.autoconfigure.orm.jpa.JpaBaseConfiguration$JpaWebConfiguration [restartedMain] spring.jpa.open-in-view is enabled by default. Therefore, database queries may be performed during view rendering. Explicitly configure spring.jpa.open-in-view to disable this warning
2022-10-02 00:27:00,671 INFO org.springframework.security.web.DefaultSecurityFilterChain [restartedMain] Will secure any request with [org.springframework.security.web.context.request.async.WebAsyncManagerIntegrationFilter@6121a0c1, org.springframework.security.web.context.SecurityContextPersistenceFilter@3859862a, org.springframework.security.web.header.HeaderWriterFilter@5e2c71d2, org.springframework.security.web.authentication.logout.LogoutFilter@d59dc5d, org.springframework.security.web.authentication.www.BasicAuthenticationFilter@6e152db9, org.springframework.security.web.savedrequest.RequestCacheAwareFilter@5ff72558, org.springframework.security.web.servletapi.SecurityContextHolderAwareRequestFilter@b5f5e27, org.springframework.security.web.authentication.AnonymousAuthenticationFilter@4f486d90, org.springframework.security.web.session.SessionManagementFilter@6b2e7581, org.springframework.security.web.access.ExceptionTranslationFilter@1b00c211, org.springframework.security.web.access.intercept.FilterSecurityInterceptor@74fa1fd4]
2022-10-02 00:27:01,530 INFO org.springframework.boot.autoconfigure.web.servlet.WelcomePageHandlerMapping [restartedMain] Adding welcome page template: index
2022-10-02 00:27:02,307 INFO org.springframework.boot.devtools.autoconfigure.OptionalLiveReloadServer [restartedMain] LiveReload server is running on port 35729
2022-10-02 00:27:02,369 INFO org.apache.juli.logging.DirectJDKLog [restartedMain] Starting ProtocolHandler ["http-nio-8080"]
2022-10-02 00:27:02,440 INFO org.springframework.boot.web.embedded.tomcat.TomcatWebServer [restartedMain] Tomcat started on port(s): 8080 (http) with context path ''
2022-10-02 00:27:02,476 INFO org.springframework.boot.StartupInfoLogger [restartedMain] Started SearchEngine in 25.53 seconds (JVM running for 28.164)
2022-10-02 00:27:17,650 INFO org.apache.juli.logging.DirectJDKLog [http-nio-8080-exec-1] Initializing Spring DispatcherServlet 'dispatcherServlet'
2022-10-02 00:27:17,653 INFO org.springframework.web.servlet.FrameworkServlet [http-nio-8080-exec-1] Initializing Servlet 'dispatcherServlet'
2022-10-02 00:27:17,663 INFO org.springframework.web.servlet.FrameworkServlet [http-nio-8080-exec-1] Completed initialization in 8 ms
2022-10-02 00:27:19,459 INFO com.popov.Statistic [http-nio-8080-exec-5] Получение статистики.
2022-10-02 00:27:24,141 INFO com.popov.service.impl.IndexingServiceImpl [http-nio-8080-exec-4] Попытка запуска индексации всех сайтов
2022-10-02 00:27:24,145 INFO com.popov.service.impl.IndexingServiceImpl [http-nio-8080-exec-4] Индексация всех сайтов запущена
2022-10-02 00:28:19,761 WARN com.popov.sitemap.ParseUrl [ForkJoinPool-2-worker-7] Ошибка парсинга сайта: https://dimonvideo.ru/forum/topic_125
2022-10-02 00:28:32,414 WARN com.popov.sitemap.ParseUrl [ForkJoinPool-2-worker-7] Ошибка парсинга сайта: https://dimonvideo.ru/forum/topic_40
2022-10-02 00:28:33,539 WARN com.popov.sitemap.ParseUrl [ForkJoinPool-2-worker-7] Ошибка парсинга сайта: https://dimonvideo.ru/forum/topic_41
2022-10-02 00:28:34,597 WARN com.popov.sitemap.ParseUrl [ForkJoinPool-2-worker-7] Ошибка парсинга сайта: https://dimonvideo.ru/forum/topic_42
2022-10-02 00:28:35,651 WARN com.popov.sitemap.ParseUrl [ForkJoinPool-2-worker-7] Ошибка парсинга сайта: https://dimonvideo.ru/forum/topic_43
2022-10-02 00:28:45,691 WARN com.popov.sitemap.ParseUrl [ForkJoinPool-2-worker-7] Ошибка парсинга сайта: https://dimonvideo.ru/forum/topic_118
2022-10-02 00:28:49,367 WARN com.popov.sitemap.ParseUrl [ForkJoinPool-2-worker-7] Ошибка парсинга сайта: https://dimonvideo.ru/forum/topic_1728147169
2022-10-02 00:28:56,091 WARN com.popov.sitemap.ParseUrl [ForkJoinPool-2-worker-5] Ошибка парсинга сайта: https://dimonvideo.ru/go?https://twitter.com/DimonVideo
2022-10-02 00:29:09,656 WARN com.popov.sitemap.ParseUrl [ForkJoinPool-2-worker-7] Ошибка парсинга сайта: https://dimonvideo.ru/forum/topic_97
2022-10-02 00:29:10,635 WARN com.popov.sitemap.ParseUrl [ForkJoinPool-2-worker-7] Ошибка парсинга сайта: https://dimonvideo.ru/forum/topic_84
2022-10-02 00:29:11,590 WARN com.popov.sitemap.ParseUrl [ForkJoinPool-2-worker-7] Ошибка парсинга сайта: https://dimonvideo.ru/forum/topic_37
2022-10-02 00:35:45,064 INFO com.popov.Statistic [http-nio-8080-exec-4] Получение статистики.
2022-10-02 00:36:33,367 INFO com.popov.Statistic [http-nio-8080-exec-5] Получение статистики.
2022-10-02 00:36:50,049 INFO com.popov.service.impl.SearchServiceImpl [http-nio-8080-exec-1] Запрос на поиск строки- "смартфон"
2022-10-02 00:36:50,331 INFO com.popov.service.impl.SearchServiceImpl [http-nio-8080-exec-1] Запрос на поиск строки обработан, результат получен.
2022-10-02 00:37:29,233 INFO com.popov.Statistic [http-nio-8080-exec-5] Получение статистики.
2022-10-02 00:38:16,142 INFO org.springframework.orm.jpa.AbstractEntityManagerFactoryBean [SpringApplicationShutdownHook] Closing JPA EntityManagerFactory for persistence unit 'default'
2022-10-02 00:38:16,162 INFO com.zaxxer.hikari.HikariDataSource [SpringApplicationShutdownHook] HikariPool-1 - Shutdown initiated...
2022-10-02 00:38:16,193 INFO com.zaxxer.hikari.HikariDataSource [SpringApplicationShutdownHook] HikariPool-1 - Shutdown completed.
2022-10-02 22:29:53,321 INFO org.springframework.boot.StartupInfoLogger [main] Starting PageRepoServiceImplTest using Java 11.0.10 on DESKTOP-R95TVH1 with PID 7536 (started by User in C:\Users\User\IdeaProjects\SkilBox_diplom\search_engine)
2022-10-02 22:29:53,403 INFO org.springframework.boot.SpringApplication [main] No active profile set, falling back to default profiles: default
2022-10-02 22:29:57,220 INFO org.springframework.data.repository.config.RepositoryConfigurationDelegate [main] Bootstrapping Spring Data JPA repositories in DEFAULT mode.
2022-10-02 22:29:57,578 INFO org.springframework.data.repository.config.RepositoryConfigurationDelegate [main] Finished Spring Data repository scanning in 318 ms. Found 5 JPA repository interfaces.
2022-10-02 22:30:01,218 INFO org.hibernate.jpa.internal.util.LogHelper [main] HHH000204: Processing PersistenceUnitInfo [name: default]
2022-10-02 22:30:01,505 INFO org.hibernate.Version [main] HHH000412: Hibernate ORM core version 5.4.32.Final
2022-10-02 22:30:02,130 INFO org.hibernate.annotations.common.reflection.java.JavaReflectionManager [main] HCANN000001: Hibernate Commons Annotations {5.1.2.Final}
2022-10-02 22:30:03,280 INFO com.zaxxer.hikari.HikariDataSource [main] HikariPool-1 - Starting...
2022-10-02 22:30:09,423 INFO com.zaxxer.hikari.HikariDataSource [main] HikariPool-1 - Start completed.
2022-10-02 22:30:09,559 INFO org.hibernate.dialect.Dialect [main] HHH000400: Using dialect: org.hibernate.dialect.MySQL8Dialect
2022-10-02 22:30:30,982 INFO org.hibernate.engine.transaction.jta.platform.internal.JtaPlatformInitiator [main] HHH000490: Using JtaPlatform implementation: [org.hibernate.engine.transaction.jta.platform.internal.NoJtaPlatform]
2022-10-02 22:30:31,018 INFO org.springframework.orm.jpa.AbstractEntityManagerFactoryBean [main] Initialized JPA EntityManagerFactory for persistence unit 'default'
2022-10-02 22:30:36,152 WARN org.springframework.boot.autoconfigure.orm.jpa.JpaBaseConfiguration$JpaWebConfiguration [main] spring.jpa.open-in-view is enabled by default. Therefore, database queries may be performed during view rendering. Explicitly configure spring.jpa.open-in-view to disable this warning
2022-10-02 22:30:38,357 INFO org.springframework.security.web.DefaultSecurityFilterChain [main] Will secure any request with [org.springframework.security.web.context.request.async.WebAsyncManagerIntegrationFilter@33478a2f, org.springframework.security.web.context.SecurityContextPersistenceFilter@4244e477, org.springframework.security.web.header.HeaderWriterFilter@461b38ca, org.springframework.security.web.authentication.logout.LogoutFilter@6b8f87dc, org.springframework.security.web.authentication.www.BasicAuthenticationFilter@568fd3de, org.springframework.security.web.savedrequest.RequestCacheAwareFilter@1e9f48d4, org.springframework.security.web.servletapi.SecurityContextHolderAwareRequestFilter@3d8e1fa6, org.springframework.security.web.authentication.AnonymousAuthenticationFilter@24e31f06, org.springframework.security.web.session.SessionManagementFilter@51a5a8ba, org.springframework.security.web.access.ExceptionTranslationFilter@1fa24e7, org.springframework.security.web.access.intercept.FilterSecurityInterceptor@1dd6e400]
2022-10-02 22:30:41,047 INFO org.springframework.boot.autoconfigure.web.servlet.WelcomePageHandlerMapping [main] Adding welcome page template: index
2022-10-02 22:30:42,931 INFO org.springframework.boot.StartupInfoLogger [main] Started PageRepoServiceImplTest in 53.241 seconds (JVM running for 61.602)
2022-10-02 22:30:44,103 INFO org.springframework.orm.jpa.AbstractEntityManagerFactoryBean [SpringApplicationShutdownHook] Closing JPA EntityManagerFactory for persistence unit 'default'
2022-10-02 22:30:44,115 INFO com.zaxxer.hikari.HikariDataSource [SpringApplicationShutdownHook] HikariPool-1 - Shutdown initiated...
2022-10-02 22:30:44,179 INFO com.zaxxer.hikari.HikariDataSource [SpringApplicationShutdownHook] HikariPool-1 - Shutdown completed.
2022-10-02 22:45:13,346 INFO org.springframework.boot.StartupInfoLogger [main] Starting PageRepoServiceImplTest using Java 11.0.10 on DESKTOP-R95TVH1 with PID 11932 (started by User in C:\Users\User\IdeaProjects\SkilBox_diplom\search_engine)
2022-10-02 22:45:13,380 INFO org.springframework.boot.SpringApplication [main] No active profile set, falling back to default profiles: default
2022-10-02 22:45:17,720 INFO org.springframework.data.repository.config.RepositoryConfigurationDelegate [main] Bootstrapping Spring Data JPA repositories in DEFAULT mode.
2022-10-02 22:45:18,325 INFO org.springframework.data.repository.config.RepositoryConfigurationDelegate [main] Finished Spring Data repository scanning in 505 ms. Found 5 JPA repository interfaces.
2022-10-02 22:45:21,037 INFO org.hibernate.jpa.internal.util.LogHelper [main] HHH000204: Processing PersistenceUnitInfo [name: default]
2022-10-02 22:45:21,265 INFO org.hibernate.Version [main] HHH000412: Hibernate ORM core version 5.4.32.Final
2022-10-02 22:45:22,746 INFO org.hibernate.annotations.common.reflection.java.JavaReflectionManager [main] HCANN000001: Hibernate Commons Annotations {5.1.2.Final}
2022-10-02 22:45:24,513 INFO com.zaxxer.hikari.HikariDataSource [main] HikariPool-1 - Starting...
2022-10-02 22:45:25,699 INFO com.zaxxer.hikari.HikariDataSource [main] HikariPool-1 - Start completed.
2022-10-02 22:45:25,887 INFO org.hibernate.dialect.Dialect [main] HHH000400: Using dialect: org.hibernate.dialect.MySQL8Dialect
2022-10-02 22:45:30,985 INFO org.hibernate.engine.transaction.jta.platform.internal.JtaPlatformInitiator [main] HHH000490: Using JtaPlatform implementation: [org.hibernate.engine.transaction.jta.platform.internal.NoJtaPlatform]
2022-10-02 22:45:31,026 INFO org.springframework.orm.jpa.AbstractEntityManagerFactoryBean [main] Initialized JPA EntityManagerFactory for persistence unit 'default'
2022-10-02 22:45:37,010 WARN org.springframework.boot.autoconfigure.orm.jpa.JpaBaseConfiguration$JpaWebConfiguration [main] spring.jpa.open-in-view is enabled by default. Therefore, database queries may be performed during view rendering. Explicitly configure spring.jpa.open-in-view to disable this warning
2022-10-02 22:45:38,989 INFO org.springframework.security.web.DefaultSecurityFilterChain [main] Will secure any request with [org.springframework.security.web.context.request.async.WebAsyncManagerIntegrationFilter@279ebd94, org.springframework.security.web.context.SecurityContextPersistenceFilter@4df5f119, org.springframework.security.web.header.HeaderWriterFilter@50d91a0f, org.springframework.security.web.authentication.logout.LogoutFilter@34114276, org.springframework.security.web.authentication.www.BasicAuthenticationFilter@4f72078d, org.springframework.security.web.savedrequest.RequestCacheAwareFilter@6632eb19, org.springframework.security.web.servletapi.SecurityContextHolderAwareRequestFilter@41120e48, org.springframework.security.web.authentication.AnonymousAuthenticationFilter@2fa4888c, org.springframework.security.web.session.SessionManagementFilter@f2b4303, org.springframework.security.web.access.ExceptionTranslationFilter@341889a1, org.springframework.security.web.access.intercept.FilterSecurityInterceptor@75973f7a]
2022-10-02 22:45:41,078 INFO org.springframework.boot.autoconfigure.web.servlet.WelcomePageHandlerMapping [main] Adding welcome page template: index
2022-10-02 22:45:42,500 INFO org.springframework.boot.StartupInfoLogger [main] Started PageRepoServiceImplTest in 31.166 seconds (JVM running for 35.863)
2022-10-02 22:45:43,503 INFO org.springframework.orm.jpa.AbstractEntityManagerFactoryBean [SpringApplicationShutdownHook] Closing JPA EntityManagerFactory for persistence unit 'default'
2022-10-02 22:45:43,515 INFO com.zaxxer.hikari.HikariDataSource [SpringApplicationShutdownHook] HikariPool-1 - Shutdown initiated...
2022-10-02 22:45:43,562 INFO com.zaxxer.hikari.HikariDataSource [SpringApplicationShutdownHook] HikariPool-1 - Shutdown completed.
2022-10-02 22:46:14,288 INFO org.springframework.boot.StartupInfoLogger [main] Starting PageRepoServiceImplTest using Java 11.0.10 on DESKTOP-R95TVH1 with PID 9768 (started by User in C:\Users\User\IdeaProjects\SkilBox_diplom\search_engine)
2022-10-02 22:46:14,317 INFO org.springframework.boot.SpringApplication [main] No active profile set, falling back to default profiles: default
2022-10-02 22:46:17,776 INFO org.springframework.data.repository.config.RepositoryConfigurationDelegate [main] Bootstrapping Spring Data JPA repositories in DEFAULT mode.
2022-10-02 22:46:18,138 INFO org.springframework.data.repository.config.RepositoryConfigurationDelegate [main] Finished Spring Data repository scanning in 331 ms. Found 5 JPA repository interfaces.
2022-10-02 22:46:20,779 INFO org.hibernate.jpa.internal.util.LogHelper [main] HHH000204: Processing PersistenceUnitInfo [name: default]
2022-10-02 22:46:21,045 INFO org.hibernate.Version [main] HHH000412: Hibernate ORM core version 5.4.32.Final
2022-10-02 22:46:21,667 INFO org.hibernate.annotations.common.reflection.java.JavaReflectionManager [main] HCANN000001: Hibernate Commons Annotations {5.1.2.Final}
2022-10-02 22:46:22,666 INFO com.zaxxer.hikari.HikariDataSource [main] HikariPool-1 - Starting...
2022-10-02 22:46:23,867 INFO com.zaxxer.hikari.HikariDataSource [main] HikariPool-1 - Start completed.
2022-10-02 22:46:24,070 INFO org.hibernate.dialect.Dialect [main] HHH000400: Using dialect: org.hibernate.dialect.MySQL8Dialect
2022-10-02 22:46:29,460 INFO org.hibernate.engine.transaction.jta.platform.internal.JtaPlatformInitiator [main] HHH000490: Using JtaPlatform implementation: [org.hibernate.engine.transaction.jta.platform.internal.NoJtaPlatform]
2022-10-02 22:46:29,499 INFO org.springframework.orm.jpa.AbstractEntityManagerFactoryBean [main] Initialized JPA EntityManagerFactory for persistence unit 'default'
2022-10-02 22:46:32,038 WARN org.springframework.boot.autoconfigure.orm.jpa.JpaBaseConfiguration$JpaWebConfiguration [main] spring.jpa.open-in-view is enabled by default. Therefore, database queries may be performed during view rendering. Explicitly configure spring.jpa.open-in-view to disable this warning
2022-10-02 22:46:33,816 INFO org.springframework.security.web.DefaultSecurityFilterChain [main] Will secure any request with [org.springframework.security.web.context.request.async.WebAsyncManagerIntegrationFilter@3e7ddb7e, org.springframework.security.web.context.SecurityContextPersistenceFilter@3f31892e, org.springframework.security.web.header.HeaderWriterFilter@4806fbf7, org.springframework.security.web.authentication.logout.LogoutFilter@2082e0e4, org.springframework.security.web.authentication.www.BasicAuthenticationFilter@49ea4b65, org.springframework.security.web.savedrequest.RequestCacheAwareFilter@5a079446, org.springframework.security.web.servletapi.SecurityContextHolderAwareRequestFilter@34cb1310, org.springframework.security.web.authentication.AnonymousAuthenticationFilter@6905d030, org.springframework.security.web.session.SessionManagementFilter@44f338ec, org.springframework.security.web.access.ExceptionTranslationFilter@16f62062, org.springframework.security.web.access.intercept.FilterSecurityInterceptor@4c4be9d8]
2022-10-02 22:46:36,170 INFO org.springframework.boot.autoconfigure.web.servlet.WelcomePageHandlerMapping [main] Adding welcome page template: index
2022-10-02 22:46:37,576 INFO org.springframework.boot.StartupInfoLogger [main] Started PageRepoServiceImplTest in 25.301 seconds (JVM running for 30.012)
2022-10-02 22:46:38,953 INFO org.springframework.orm.jpa.AbstractEntityManagerFactoryBean [SpringApplicationShutdownHook] Closing JPA EntityManagerFactory for persistence unit 'default'
2022-10-02 22:46:38,973 INFO com.zaxxer.hikari.HikariDataSource [SpringApplicationShutdownHook] HikariPool-1 - Shutdown initiated...
2022-10-02 22:46:39,036 INFO com.zaxxer.hikari.HikariDataSource [SpringApplicationShutdownHook] HikariPool-1 - Shutdown completed.
2022-10-02 22:47:12,469 INFO org.springframework.boot.StartupInfoLogger [main] Starting IndexingControllerTest using Java 11.0.10 on DESKTOP-R95TVH1 with PID 11028 (started by User in C:\Users\User\IdeaProjects\SkilBox_diplom\search_engine)
2022-10-02 22:47:12,485 INFO org.springframework.boot.SpringApplication [main] No active profile set, falling back to default profiles: default
2022-10-02 22:47:16,190 INFO org.springframework.data.repository.config.RepositoryConfigurationDelegate [main] Bootstrapping Spring Data JPA repositories in DEFAULT mode.
2022-10-02 22:47:16,508 INFO org.springframework.data.repository.config.RepositoryConfigurationDelegate [main] Finished Spring Data repository scanning in 278 ms. Found 5 JPA repository interfaces.
2022-10-02 22:47:20,150 INFO org.hibernate.jpa.internal.util.LogHelper [main] HHH000204: Processing PersistenceUnitInfo [name: default]
2022-10-02 22:47:20,679 INFO org.hibernate.Version [main] HHH000412: Hibernate ORM core version 5.4.32.Final
2022-10-02 22:47:21,645 INFO org.hibernate.annotations.common.reflection.java.JavaReflectionManager [main] HCANN000001: Hibernate Commons Annotations {5.1.2.Final}
2022-10-02 22:47:23,427 INFO com.zaxxer.hikari.HikariDataSource [main] HikariPool-1 - Starting...
2022-10-02 22:47:26,991 INFO com.zaxxer.hikari.HikariDataSource [main] HikariPool-1 - Start completed.
2022-10-02 22:47:27,310 INFO org.hibernate.dialect.Dialect [main] HHH000400: Using dialect: org.hibernate.dialect.MySQL8Dialect
2022-10-02 22:47:33,125 INFO org.hibernate.engine.transaction.jta.platform.internal.JtaPlatformInitiator [main] HHH000490: Using JtaPlatform implementation: [org.hibernate.engine.transaction.jta.platform.internal.NoJtaPlatform]
2022-10-02 22:47:33,172 INFO org.springframework.orm.jpa.AbstractEntityManagerFactoryBean [main] Initialized JPA EntityManagerFactory for persistence unit 'default'
2022-10-02 22:47:36,082 WARN org.springframework.boot.autoconfigure.orm.jpa.JpaBaseConfiguration$JpaWebConfiguration [main] spring.jpa.open-in-view is enabled by default. Therefore, database queries may be performed during view rendering. Explicitly configure spring.jpa.open-in-view to disable this warning
2022-10-02 22:47:37,800 INFO org.springframework.security.web.DefaultSecurityFilterChain [main] Will secure any request with [org.springframework.security.web.context.request.async.WebAsyncManagerIntegrationFilter@25511895, org.springframework.security.web.context.SecurityContextPersistenceFilter@ab2e887, org.springframework.security.web.header.HeaderWriterFilter@4e111e08, org.springframework.security.web.authentication.logout.LogoutFilter@220a5163, org.springframework.security.web.authentication.www.BasicAuthenticationFilter@6ace3, org.springframework.security.web.savedrequest.RequestCacheAwareFilter@5b3c11ce, org.springframework.security.web.servletapi.SecurityContextHolderAwareRequestFilter@8942ece, org.springframework.security.web.authentication.AnonymousAuthenticationFilter@38f569d, org.springframework.security.web.session.SessionManagementFilter@2ad80cf6, org.springframework.security.web.access.ExceptionTranslationFilter@5cb6b81b, org.springframework.security.web.access.intercept.FilterSecurityInterceptor@38d895e8]
2022-10-02 22:47:39,875 INFO org.springframework.boot.autoconfigure.web.servlet.WelcomePageHandlerMapping [main] Adding welcome page template: index
2022-10-02 22:47:41,452 INFO org.springframework.mock.web.MockServletContext [main] Initializing Spring TestDispatcherServlet ''
2022-10-02 22:47:41,455 INFO org.springframework.web.servlet.FrameworkServlet [main] Initializing Servlet ''
2022-10-02 22:47:41,463 INFO org.springframework.web.servlet.FrameworkServlet [main] Completed initialization in 4 ms
2022-10-02 22:47:41,575 INFO org.springframework.boot.StartupInfoLogger [main] Started IndexingControllerTest in 31.26 seconds (JVM running for 37.268)
2022-10-02 22:47:43,186 INFO org.springframework.test.context.support.AbstractTestContextBootstrapper [main] Neither @ContextConfiguration nor @ContextHierarchy found for test class [com.popov.service.impl.PageRepoServiceImplTest], using SpringBootContextLoader
2022-10-02 22:47:43,229 INFO org.springframework.test.context.support.AbstractContextLoader [main] Could not detect default resource locations for test class [com.popov.service.impl.PageRepoServiceImplTest]: no resource found for suffixes {-context.xml, Context.groovy}.
2022-10-02 22:47:43,230 INFO org.springframework.test.context.support.AnnotationConfigContextLoaderUtils [main] Could not detect default configuration classes for test class [com.popov.service.impl.PageRepoServiceImplTest]: PageRepoServiceImplTest does not declare any static, non-private, non-final, nested classes annotated with @Configuration.
2022-10-02 22:47:43,285 INFO org.springframework.boot.test.context.SpringBootTestContextBootstrapper [main] Found @SpringBootConfiguration com.popov.SearchEngine for test class com.popov.service.impl.PageRepoServiceImplTest
2022-10-02 22:47:43,298 INFO org.springframework.test.context.support.AbstractTestContextBootstrapper [main] Loaded default TestExecutionListener class names from location [META-INF/spring.factories]: [org.springframework.boot.test.mock.mockito.MockitoTestExecutionListener, org.springframework.boot.test.mock.mockito.ResetMocksTestExecutionListener, org.springframework.boot.test.autoconfigure.restdocs.RestDocsTestExecutionListener, org.springframework.boot.test.autoconfigure.web.client.MockRestServiceServerResetTestExecutionListener, org.springframework.boot.test.autoconfigure.web.servlet.MockMvcPrintOnlyOnFailureTestExecutionListener, org.springframework.boot.test.autoconfigure.web.servlet.WebDriverTestExecutionListener, org.springframework.boot.test.autoconfigure.webservices.client.MockWebServiceServerTestExecutionListener, org.springframework.test.context.web.ServletTestExecutionListener, org.springframework.test.context.support.DirtiesContextBeforeModesTestExecutionListener, org.springframework.test.context.event.ApplicationEventsTestExecutionListener, org.springframework.test.context.support.DependencyInjectionTestExecutionListener, org.springframework.test.context.support.DirtiesContextTestExecutionListener, org.springframework.test.context.transaction.TransactionalTestExecutionListener, org.springframework.test.context.jdbc.SqlScriptsTestExecutionListener, org.springframework.test.context.event.EventPublishingTestExecutionListener, org.springframework.security.test.context.support.WithSecurityContextTestExecutionListener, org.springframework.security.test.context.support.ReactorContextTestExecutionListener]
2022-10-02 22:47:43,302 INFO org.springframework.test.context.support.AbstractTestContextBootstrapper [main] Using TestExecutionListeners: [org.springframework.test.context.web.ServletTestExecutionListener@5e08ed28, org.springframework.test.context.support.DirtiesContextBeforeModesTestExecutionListener@24b05292, org.springframework.test.context.event.ApplicationEventsTestExecutionListener@34d6e9a4, org.springframework.boot.test.mock.mockito.MockitoTestExecutionListener@515a2afd, org.springframework.boot.test.autoconfigure.SpringBootDependencyInjectionTestExecutionListener@4822fc53, org.springframework.test.context.support.DirtiesContextTestExecutionListener@6e200307, org.springframework.test.context.transaction.TransactionalTestExecutionListener@6db84cae, org.springframework.test.context.jdbc.SqlScriptsTestExecutionListener@6db59e26, org.springframework.test.context.event.EventPublishingTestExecutionListener@32aa27a7, org.springframework.security.test.context.support.WithSecurityContextTestExecutionListener@5c7c22ce, org.springframework.security.test.context.support.ReactorContextTestExecutionListener@738ed8d3, org.springframework.boot.test.mock.mockito.ResetMocksTestExecutionListener@328b2c2a, org.springframework.boot.test.autoconfigure.restdocs.RestDocsTestExecutionListener@517fb2c3, org.springframework.boot.test.autoconfigure.web.client.MockRestServiceServerResetTestExecutionListener@6c289070, org.springframework.boot.test.autoconfigure.web.servlet.MockMvcPrintOnlyOnFailureTestExecutionListener@69e58566, org.springframework.boot.test.autoconfigure.web.servlet.WebDriverTestExecutionListener@2e41e0c, org.springframework.boot.test.autoconfigure.webservices.client.MockWebServiceServerTestExecutionListener@2e214d39]
2022-10-02 22:47:43,532 INFO org.springframework.boot.StartupInfoLogger [main] Starting PageRepoServiceImplTest using Java 11.0.10 on DESKTOP-R95TVH1 with PID 11028 (started by User in C:\Users\User\IdeaProjects\SkilBox_diplom\search_engine)
2022-10-02 22:47:43,537 INFO org.springframework.boot.SpringApplication [main] No active profile set, falling back to default profiles: default
2022-10-02 22:47:45,204 INFO org.springframework.data.repository.config.RepositoryConfigurationDelegate [main] Bootstrapping Spring Data JPA repositories in DEFAULT mode.
2022-10-02 22:47:45,395 INFO org.springframework.data.repository.config.RepositoryConfigurationDelegate [main] Finished Spring Data repository scanning in 182 ms. Found 5 JPA repository interfaces.
2022-10-02 22:47:46,207 INFO org.hibernate.jpa.internal.util.LogHelper [main] HHH000204: Processing PersistenceUnitInfo [name: default]
2022-10-02 22:47:46,244 INFO com.zaxxer.hikari.HikariDataSource [main] HikariPool-2 - Starting...
2022-10-02 22:47:46,345 INFO com.zaxxer.hikari.HikariDataSource [main] HikariPool-2 - Start completed.
2022-10-02 22:47:46,348 INFO org.hibernate.dialect.Dialect [main] HHH000400: Using dialect: org.hibernate.dialect.MySQL8Dialect
2022-10-02 22:47:49,380 INFO org.hibernate.engine.transaction.jta.platform.internal.JtaPlatformInitiator [main] HHH000490: Using JtaPlatform implementation: [org.hibernate.engine.transaction.jta.platform.internal.NoJtaPlatform]
2022-10-02 22:47:49,381 INFO org.springframework.orm.jpa.AbstractEntityManagerFactoryBean [main] Initialized JPA EntityManagerFactory for persistence unit 'default'
2022-10-02 22:47:50,086 WARN org.springframework.boot.autoconfigure.orm.jpa.JpaBaseConfiguration$JpaWebConfiguration [main] spring.jpa.open-in-view is enabled by default. Therefore, database queries may be performed during view rendering. Explicitly configure spring.jpa.open-in-view to disable this warning
2022-10-02 22:47:50,864 INFO org.springframework.security.web.DefaultSecurityFilterChain [main] Will secure any request with [org.springframework.security.web.context.request.async.WebAsyncManagerIntegrationFilter@69c7fe78, org.springframework.security.web.context.SecurityContextPersistenceFilter@19cad9f0, org.springframework.security.web.header.HeaderWriterFilter@58545c2e, org.springframework.security.web.authentication.logout.LogoutFilter@27de9336, org.springframework.security.web.authentication.www.BasicAuthenticationFilter@6f55aef7, org.springframework.security.web.savedrequest.RequestCacheAwareFilter@4cce421e, org.springframework.security.web.servletapi.SecurityContextHolderAwareRequestFilter@3681c285, org.springframework.security.web.authentication.AnonymousAuthenticationFilter@1ffe7c42, org.springframework.security.web.session.SessionManagementFilter@4163f505, org.springframework.security.web.access.ExceptionTranslationFilter@381db99e, org.springframework.security.web.access.intercept.FilterSecurityInterceptor@524241d9]
2022-10-02 22:47:51,691 INFO org.springframework.boot.autoconfigure.web.servlet.WelcomePageHandlerMapping [main] Adding welcome page template: index
2022-10-02 22:47:52,559 INFO org.springframework.boot.StartupInfoLogger [main] Started PageRepoServiceImplTest in 9.248 seconds (JVM running for 48.252)
2022-10-02 22:47:53,716 INFO org.springframework.test.context.support.AbstractTestContextBootstrapper [main] Neither @ContextConfiguration nor @ContextHierarchy found for test class [com.popov.controllers.SearchControllerTest], using SpringBootContextLoader
2022-10-02 22:47:53,719 INFO org.springframework.test.context.support.AbstractContextLoader [main] Could not detect default resource locations for test class [com.popov.controllers.SearchControllerTest]: no resource found for suffixes {-context.xml, Context.groovy}.
2022-10-02 22:47:53,721 INFO org.springframework.test.context.support.AnnotationConfigContextLoaderUtils [main] Could not detect default configuration classes for test class [com.popov.controllers.SearchControllerTest]: SearchControllerTest does not declare any static, non-private, non-final, nested classes annotated with @Configuration.
2022-10-02 22:47:53,731 INFO org.springframework.boot.test.context.SpringBootTestContextBootstrapper [main] Found @SpringBootConfiguration com.popov.SearchEngine for test class com.popov.controllers.SearchControllerTest
2022-10-02 22:47:53,738 INFO org.springframework.test.context.support.AbstractTestContextBootstrapper [main] Loaded default TestExecutionListener class names from location [META-INF/spring.factories]: [org.springframework.boot.test.mock.mockito.MockitoTestExecutionListener, org.springframework.boot.test.mock.mockito.ResetMocksTestExecutionListener, org.springframework.boot.test.autoconfigure.restdocs.RestDocsTestExecutionListener, org.springframework.boot.test.autoconfigure.web.client.MockRestServiceServerResetTestExecutionListener, org.springframework.boot.test.autoconfigure.web.servlet.MockMvcPrintOnlyOnFailureTestExecutionListener, org.springframework.boot.test.autoconfigure.web.servlet.WebDriverTestExecutionListener, org.springframework.boot.test.autoconfigure.webservices.client.MockWebServiceServerTestExecutionListener, org.springframework.test.context.web.ServletTestExecutionListener, org.springframework.test.context.support.DirtiesContextBeforeModesTestExecutionListener, org.springframework.test.context.event.ApplicationEventsTestExecutionListener, org.springframework.test.context.support.DependencyInjectionTestExecutionListener, org.springframework.test.context.support.DirtiesContextTestExecutionListener, org.springframework.test.context.transaction.TransactionalTestExecutionListener, org.springframework.test.context.jdbc.SqlScriptsTestExecutionListener, org.springframework.test.context.event.EventPublishingTestExecutionListener, org.springframework.security.test.context.support.WithSecurityContextTestExecutionListener, org.springframework.security.test.context.support.ReactorContextTestExecutionListener]
2022-10-02 22:47:53,744 INFO org.springframework.test.context.support.AbstractTestContextBootstrapper [main] Using TestExecutionListeners: [org.springframework.test.context.web.ServletTestExecutionListener@6ed2aa8a, org.springframework.test.context.support.DirtiesContextBeforeModesTestExecutionListener@53ec379a, org.springframework.test.context.event.ApplicationEventsTestExecutionListener@5f6dd89c, org.springframework.boot.test.mock.mockito.MockitoTestExecutionListener@606c2e4b, org.springframework.boot.test.autoconfigure.SpringBootDependencyInjectionTestExecutionListener@1b914e36, org.springframework.test.context.support.DirtiesContextTestExecutionListener@29f3ea39, org.springframework.test.context.transaction.TransactionalTestExecutionListener@18eb6ea3, org.springframework.test.context.jdbc.SqlScriptsTestExecutionListener@19740583, org.springframework.test.context.event.EventPublishingTestExecutionListener@8850865, org.springframework.security.test.context.support.WithSecurityContextTestExecutionListener@3e11996e, org.springframework.security.test.context.support.ReactorContextTestExecutionListener@7dcc6679, org.springframework.boot.test.mock.mockito.ResetMocksTestExecutionListener@44ad3c5e, org.springframework.boot.test.autoconfigure.restdocs.RestDocsTestExecutionListener@64cbc28e, org.springframework.boot.test.autoconfigure.web.client.MockRestServiceServerResetTestExecutionListener@5623fd90, org.springframework.boot.test.autoconfigure.web.servlet.MockMvcPrintOnlyOnFailureTestExecutionListener@4842a683, org.springframework.boot.test.autoconfigure.web.servlet.WebDriverTestExecutionListener@65a03c19, org.springframework.boot.test.autoconfigure.webservices.client.MockWebServiceServerTestExecutionListener@5f455d91]
2022-10-02 22:47:54,230 INFO org.springframework.boot.StartupInfoLogger [main] Starting SearchEngineTest using Java 11.0.10 on DESKTOP-R95TVH1 with PID 11028 (started by User in C:\Users\User\IdeaProjects\SkilBox_diplom\search_engine)
2022-10-02 22:47:54,231 INFO org.springframework.boot.SpringApplication [main] No active profile set, falling back to default profiles: default
2022-10-02 22:47:55,117 INFO org.springframework.data.repository.config.RepositoryConfigurationDelegate [main] Bootstrapping Spring Data JPA repositories in DEFAULT mode.
2022-10-02 22:47:55,236 INFO org.springframework.data.repository.config.RepositoryConfigurationDelegate [main] Finished Spring Data repository scanning in 117 ms. Found 5 JPA repository interfaces.
2022-10-02 22:47:56,075 INFO org.springframework.boot.web.embedded.tomcat.TomcatWebServer [main] Tomcat initialized with port(s): 8080 (http)
2022-10-02 22:47:56,111 INFO org.apache.juli.logging.DirectJDKLog [main] Initializing ProtocolHandler ["http-nio-8080"]
2022-10-02 22:47:56,114 INFO org.apache.juli.logging.DirectJDKLog [main] Starting service [Tomcat]
2022-10-02 22:47:56,116 INFO org.apache.juli.logging.DirectJDKLog [main] Starting Servlet engine: [Apache Tomcat/9.0.54]
2022-10-02 22:47:56,694 INFO org.apache.juli.logging.DirectJDKLog [main] Initializing Spring embedded WebApplicationContext
2022-10-02 22:47:56,696 INFO org.springframework.boot.web.servlet.context.ServletWebServerApplicationContext [main] Root WebApplicationContext: initialization completed in 2438 ms
2022-10-02 22:47:57,206 INFO org.hibernate.jpa.internal.util.LogHelper [main] HHH000204: Processing PersistenceUnitInfo [name: default]
2022-10-02 22:47:57,232 INFO com.zaxxer.hikari.HikariDataSource [main] HikariPool-3 - Starting...
2022-10-02 22:47:57,507 INFO com.zaxxer.hikari.HikariDataSource [main] HikariPool-3 - Start completed.
2022-10-02 22:47:57,509 INFO org.hibernate.dialect.Dialect [main] HHH000400: Using dialect: org.hibernate.dialect.MySQL8Dialect
2022-10-02 22:48:01,148 INFO org.hibernate.engine.transaction.jta.platform.internal.JtaPlatformInitiator [main] HHH000490: Using JtaPlatform implementation: [org.hibernate.engine.transaction.jta.platform.internal.NoJtaPlatform]
2022-10-02 22:48:01,151 INFO org.springframework.orm.jpa.AbstractEntityManagerFactoryBean [main] Initialized JPA EntityManagerFactory for persistence unit 'default'
2022-10-02 22:48:01,595 WARN org.springframework.boot.autoconfigure.orm.jpa.JpaBaseConfiguration$JpaWebConfiguration [main] spring.jpa.open-in-view is enabled by default. Therefore, database queries may be performed during view rendering. Explicitly configure spring.jpa.open-in-view to disable this warning
2022-10-02 22:48:01,826 INFO org.springframework.security.web.DefaultSecurityFilterChain [main] Will secure any request with [org.springframework.security.web.context.request.async.WebAsyncManagerIntegrationFilter@257f1509, org.springframework.security.web.context.SecurityContextPersistenceFilter@4afdcdf6, org.springframework.security.web.header.HeaderWriterFilter@547d3e8e, org.springframework.security.web.authentication.logout.LogoutFilter@1227862a, org.springframework.security.web.authentication.www.BasicAuthenticationFilter@35d8a046, org.springframework.security.web.savedrequest.RequestCacheAwareFilter@75364777, org.springframework.security.web.servletapi.SecurityContextHolderAwareRequestFilter@48028e11, org.springframework.security.web.authentication.AnonymousAuthenticationFilter@5d3b0f8a, org.springframework.security.web.session.SessionManagementFilter@6f823df7, org.springframework.security.web.access.ExceptionTranslationFilter@76093fa9, org.springframework.security.web.access.intercept.FilterSecurityInterceptor@24484dfb]
2022-10-02 22:48:01,995 INFO org.springframework.boot.autoconfigure.web.servlet.WelcomePageHandlerMapping [main] Adding welcome page template: index
2022-10-02 22:48:02,225 INFO org.apache.juli.logging.DirectJDKLog [main] Starting ProtocolHandler ["http-nio-8080"]
2022-10-02 22:48:02,307 INFO org.springframework.boot.web.embedded.tomcat.TomcatWebServer [main] Tomcat started on port(s): 8080 (http) with context path ''
2022-10-02 22:48:02,320 INFO org.springframework.boot.StartupInfoLogger [main] Started SearchEngineTest in 8.313 seconds (JVM running for 58.012)
2022-10-02 22:48:02,375 INFO org.springframework.orm.jpa.AbstractEntityManagerFactoryBean [SpringApplicationShutdownHook] Closing JPA EntityManagerFactory for persistence unit 'default'
2022-10-02 22:48:02,395 INFO com.zaxxer.hikari.HikariDataSource [SpringApplicationShutdownHook] HikariPool-1 - Shutdown initiated...
2022-10-02 22:48:02,473 INFO com.zaxxer.hikari.HikariDataSource [SpringApplicationShutdownHook] HikariPool-1 - Shutdown completed.
2022-10-02 22:48:02,489 INFO org.springframework.orm.jpa.AbstractEntityManagerFactoryBean [SpringApplicationShutdownHook] Closing JPA EntityManagerFactory for persistence unit 'default'
2022-10-02 22:48:02,492 INFO com.zaxxer.hikari.HikariDataSource [SpringApplicationShutdownHook] HikariPool-2 - Shutdown initiated...
2022-10-02 22:48:02,533 INFO com.zaxxer.hikari.HikariDataSource [SpringApplicationShutdownHook] HikariPool-2 - Shutdown completed.
2022-10-02 22:48:03,116 INFO org.springframework.orm.jpa.AbstractEntityManagerFactoryBean [SpringApplicationShutdownHook] Closing JPA EntityManagerFactory for persistence unit 'default'
2022-10-02 22:48:03,119 INFO com.zaxxer.hikari.HikariDataSource [SpringApplicationShutdownHook] HikariPool-3 - Shutdown initiated...
2022-10-02 22:48:03,136 INFO com.zaxxer.hikari.HikariDataSource [SpringApplicationShutdownHook] HikariPool-3 - Shutdown completed.
